2026-04-30 04:43:24.499 [info] [main] Log level: Info
2026-04-30 04:43:24.499 [info] [main] Validating found git in: "C:\Program Files\Git\cmd\git.exe"
2026-04-30 04:43:24.571 [info] [main] Using git "2.43.0.windows.1" from "C:\Program Files\Git\cmd\git.exe"
2026-04-30 04:43:24.571 [info] [Model][doInitialScan] Initial repository scan started
2026-04-30 04:43:24.575 [info] [Model][doInitialScan] Initial repository scan completed - repositories (0), closed repositories (0), parent repositories (0), unsafe repositories (0)
2026-04-30 04:43:34.620 [info] > git config --global user.name [53ms] 
2026-04-30 04:43:34.674 [info] > git config --global user.email [50ms] 
2026-04-30 04:43:34.674 [info] [main] Stored git author name in global state: Vahan Galstyan <91995726+Vahan-23@users.noreply.github.com>
2026-04-30 04:43:46.754 [info] [main] Log level: Info
2026-04-30 04:43:46.754 [info] [main] Validating found git in: "C:\Program Files\Git\cmd\git.exe"
2026-04-30 04:43:46.825 [info] [main] Using git "2.43.0.windows.1" from "C:\Program Files\Git\cmd\git.exe"
2026-04-30 04:43:46.825 [info] [Model][doInitialScan] Initial repository scan started
2026-04-30 04:43:47.882 [info] > git rev-parse --show-toplevel [1037ms] (getRepositoryRoot)
2026-04-30 04:43:48.039 [info] > git rev-parse --git-dir --git-common-dir --show-superproject-working-tree [74ms] 
2026-04-30 04:43:48.057 [info] [Model][openRepository] Opened repository: c:\Users\Vahan\Desktop\Tsovic-Tsov\Tsovic-Tsov
2026-04-30 04:43:48.057 [info] [Model][openRepository] Opened repository (kind): repository
2026-04-30 04:43:48.063 [info] [Model][doInitialScan] Initial repository scan completed - repositories (1), closed repositories (0), parent repositories (0), unsafe repositories (0)
2026-04-30 04:43:48.137 [info] > git config --get commit.template [66ms] 
2026-04-30 04:43:48.140 [info] > git for-each-ref --format=%(refname)%00%(upstream:short)%00%(objectname)%00%(upstream:track)%00%(upstream:remotename)%00%(upstream:remoteref) --ignore-case refs/heads/main refs/remotes/main [64ms] 
2026-04-30 04:43:48.204 [info] > git for-each-ref --sort -committerdate --format %(refname)%00%(objectname)%00%(*objectname) [55ms] 
2026-04-30 04:43:48.216 [info] > git status -z -uall [71ms]
2026-04-30 04:43:48.316 [info] > git for-each-ref --format=%(refname)%00%(upstream:short)%00%(objectname)%00%(upstream:track)%00%(upstream:remotename)%00%(upstream:remoteref) --ignore-case refs/heads/main refs/remotes/main [87ms] 
2026-04-30 04:43:48.321 [info] > git config --get commit.template [62ms] 
2026-04-30 04:43:48.374 [info] > git config --get --local branch.main.vscode-merge-base [54ms] 
2026-04-30 04:43:48.416 [info] > git for-each-ref --format=%(refname)%00%(upstream:short)%00%(objectname)%00%(upstream:track)%00%(upstream:remotename)%00%(upstream:remoteref) --ignore-case refs/heads/main refs/remotes/main [63ms] 
2026-04-30 04:43:48.437 [info] > git for-each-ref --format=%(refname)%00%(upstream:short)%00%(objectname)%00%(upstream:track)%00%(upstream:remotename)%00%(upstream:remoteref) --ignore-case refs/heads/origin/main refs/remotes/origin/main [58ms] 
2026-04-30 04:43:48.481 [info] > git for-each-ref --sort -committerdate --format %(refname)%00%(objectname)%00%(*objectname) [58ms] 
2026-04-30 04:43:48.495 [info] > git status -z -uall [75ms]
2026-04-30 04:43:48.505 [info] > git merge-base refs/heads/main refs/remotes/origin/main [63ms] 
2026-04-30 04:43:48.561 [info] > git merge-base refs/heads/main refs/remotes/origin/main [58ms] 
2026-04-30 04:43:48.571 [info] > git diff --name-status -z --diff-filter=ADMR 3c4cb7f7c67a3be544c0699ad23cf9e377526ce3...refs/remotes/origin/main [62ms] 
2026-04-30 04:43:48.629 [info] > git diff --name-status -z --diff-filter=ADMR 3c4cb7f7c67a3be544c0699ad23cf9e377526ce3...refs/remotes/origin/main [65ms] 
2026-04-30 04:43:48.808 [info] > git check-ignore -v -z --stdin [57ms]
2026-04-30 04:43:49.575 [info] > git config --get commit.template [53ms] 
2026-04-30 04:43:49.583 [info] > git for-each-ref --format=%(refname)%00%(upstream:short)%00%(objectname)%00%(upstream:track)%00%(upstream:remotename)%00%(upstream:remoteref) --ignore-case refs/heads/main refs/remotes/main [58ms] 
2026-04-30 04:43:49.647 [info] > git for-each-ref --sort -committerdate --format %(refname)%00%(objectname)%00%(*objectname) [58ms] 
2026-04-30 04:43:49.660 [info] > git status -z -uall [74ms]
2026-04-30 04:43:54.730 [info] > git config --get commit.template [61ms] 
2026-04-30 04:43:54.736 [info] > git for-each-ref --format=%(refname)%00%(upstream:short)%00%(objectname)%00%(upstream:track)%00%(upstream:remotename)%00%(upstream:remoteref) --ignore-case refs/heads/main refs/remotes/main [63ms] 
2026-04-30 04:43:54.800 [info] > git for-each-ref --sort -committerdate --format %(refname)%00%(objectname)%00%(*objectname) [58ms] 
2026-04-30 04:43:54.812 [info] > git status -z -uall [73ms]
2026-04-30 04:43:56.878 [info] > git config --global user.name [52ms] 
2026-04-30 04:43:56.932 [info] > git config --global user.email [50ms] 
2026-04-30 04:43:56.932 [info] [main] Stored git author name in global state: Vahan Galstyan <91995726+Vahan-23@users.noreply.github.com>
2026-04-30 04:43:59.889 [info] > git config --get commit.template [63ms] 
2026-04-30 04:43:59.896 [info] > git for-each-ref --format=%(refname)%00%(upstream:short)%00%(objectname)%00%(upstream:track)%00%(upstream:remotename)%00%(upstream:remoteref) --ignore-case refs/heads/main refs/remotes/main [67ms] 
2026-04-30 04:43:59.963 [info] > git for-each-ref --sort -committerdate --format %(refname)%00%(objectname)%00%(*objectname) [60ms] 
2026-04-30 04:43:59.973 [info] > git status -z -uall [73ms]
2026-04-30 04:44:05.046 [info] > git config --get commit.template [58ms] 
2026-04-30 04:44:05.051 [info] > git for-each-ref --format=%(refname)%00%(upstream:short)%00%(objectname)%00%(upstream:track)%00%(upstream:remotename)%00%(upstream:remoteref) --ignore-case refs/heads/main refs/remotes/main [60ms] 
2026-04-30 04:44:05.114 [info] > git for-each-ref --sort -committerdate --format %(refname)%00%(objectname)%00%(*objectname) [57ms] 
2026-04-30 04:44:05.128 [info] > git status -z -uall [74ms]
2026-04-30 04:44:10.206 [info] > git config --get commit.template [58ms] 
2026-04-30 04:44:10.209 [info] > git for-each-ref --format=%(refname)%00%(upstream:short)%00%(objectname)%00%(upstream:track)%00%(upstream:remotename)%00%(upstream:remoteref) --ignore-case refs/heads/main refs/remotes/main [58ms] 
2026-04-30 04:44:10.274 [info] > git for-each-ref --sort -committerdate --format %(refname)%00%(objectname)%00%(*objectname) [58ms] 
2026-04-30 04:44:10.287 [info] > git status -z -uall [74ms]
2026-04-30 04:44:15.356 [info] > git config --get commit.template [55ms] 
2026-04-30 04:44:15.364 [info] > git for-each-ref --format=%(refname)%00%(upstream:short)%00%(objectname)%00%(upstream:track)%00%(upstream:remotename)%00%(upstream:remoteref) --ignore-case refs/heads/main refs/remotes/main [59ms] 
2026-04-30 04:44:15.428 [info] > git for-each-ref --sort -committerdate --format %(refname)%00%(objectname)%00%(*objectname) [58ms] 
2026-04-30 04:44:15.440 [info] > git status -z -uall [73ms]
2026-04-30 04:44:20.514 [info] > git config --get commit.template [62ms] 
2026-04-30 04:44:20.521 [info] > git for-each-ref --format=%(refname)%00%(upstream:short)%00%(objectname)%00%(upstream:track)%00%(upstream:remotename)%00%(upstream:remoteref) --ignore-case refs/heads/main refs/remotes/main [64ms] 
2026-04-30 04:44:20.587 [info] > git for-each-ref --sort -committerdate --format %(refname)%00%(objectname)%00%(*objectname) [59ms] 
2026-04-30 04:44:20.599 [info] > git status -z -uall [75ms]
2026-04-30 04:44:25.676 [info] > git config --get commit.template [63ms] 
2026-04-30 04:44:25.683 [info] > git for-each-ref --format=%(refname)%00%(upstream:short)%00%(objectname)%00%(upstream:track)%00%(upstream:remotename)%00%(upstream:remoteref) --ignore-case refs/heads/main refs/remotes/main [65ms] 
2026-04-30 04:44:25.748 [info] > git for-each-ref --sort -committerdate --format %(refname)%00%(objectname)%00%(*objectname) [58ms] 
2026-04-30 04:44:25.761 [info] > git status -z -uall [74ms]
2026-04-30 04:44:32.163 [info] > git config --get commit.template [59ms] 
2026-04-30 04:44:32.169 [info] > git for-each-ref --format=%(refname)%00%(upstream:short)%00%(objectname)%00%(upstream:track)%00%(upstream:remotename)%00%(upstream:remoteref) --ignore-case refs/heads/main refs/remotes/main [61ms] 
2026-04-30 04:44:32.234 [info] > git for-each-ref --sort -committerdate --format %(refname)%00%(objectname)%00%(*objectname) [59ms] 
2026-04-30 04:44:32.247 [info] > git status -z -uall [75ms]
2026-04-30 04:44:44.502 [info] > git config --get commit.template [61ms] 
2026-04-30 04:44:44.508 [info] > git for-each-ref --format=%(refname)%00%(upstream:short)%00%(objectname)%00%(upstream:track)%00%(upstream:remotename)%00%(upstream:remoteref) --ignore-case refs/heads/main refs/remotes/main [63ms] 
2026-04-30 04:44:44.574 [info] > git for-each-ref --sort -committerdate --format %(refname)%00%(objectname)%00%(*objectname) [59ms] 
2026-04-30 04:44:44.586 [info] > git status -z -uall [74ms]
2026-04-30 04:44:49.666 [info] > git config --get commit.template [65ms] 
2026-04-30 04:44:49.674 [info] > git for-each-ref --format=%(refname)%00%(upstream:short)%00%(objectname)%00%(upstream:track)%00%(upstream:remotename)%00%(upstream:remoteref) --ignore-case refs/heads/main refs/remotes/main [70ms] 
2026-04-30 04:44:49.742 [info] > git for-each-ref --sort -committerdate --format %(refname)%00%(objectname)%00%(*objectname) [60ms] 
2026-04-30 04:44:49.755 [info] > git status -z -uall [76ms]
2026-04-30 04:45:05.999 [info] > git config --get commit.template [57ms] 
2026-04-30 04:45:06.005 [info] > git for-each-ref --format=%(refname)%00%(upstream:short)%00%(objectname)%00%(upstream:track)%00%(upstream:remotename)%00%(upstream:remoteref) --ignore-case refs/heads/main refs/remotes/main [60ms] 
2026-04-30 04:45:06.067 [info] > git for-each-ref --sort -committerdate --format %(refname)%00%(objectname)%00%(*objectname) [56ms] 
2026-04-30 04:45:06.080 [info] > git status -z -uall [72ms]
2026-04-30 04:45:11.776 [info] > git check-ignore -v -z --stdin [69ms]
2026-04-30 04:45:16.454 [info] > git config --get commit.template [63ms] 
2026-04-30 04:45:16.457 [info] > git for-each-ref --format=%(refname)%00%(upstream:short)%00%(objectname)%00%(upstream:track)%00%(upstream:remotename)%00%(upstream:remoteref) --ignore-case refs/heads/main refs/remotes/main [64ms] 
2026-04-30 04:45:16.526 [info] > git for-each-ref --sort -committerdate --format %(refname)%00%(objectname)%00%(*objectname) [61ms] 
2026-04-30 04:45:16.542 [info] > git status -z -uall [81ms]
2026-04-30 04:45:21.765 [info] > git config --get commit.template [58ms] 
2026-04-30 04:45:21.773 [info] > git for-each-ref --format=%(refname)%00%(upstream:short)%00%(objectname)%00%(upstream:track)%00%(upstream:remotename)%00%(upstream:remoteref) --ignore-case refs/heads/main refs/remotes/main [63ms] 
2026-04-30 04:45:21.838 [info] > git for-each-ref --sort -committerdate --format %(refname)%00%(objectname)%00%(*objectname) [58ms] 
2026-04-30 04:45:21.855 [info] > git status -z -uall [77ms]
2026-04-30 04:45:27.889 [info] > git config --get commit.template [57ms] 
2026-04-30 04:45:27.898 [info] > git for-each-ref --format=%(refname)%00%(upstream:short)%00%(objectname)%00%(upstream:track)%00%(upstream:remotename)%00%(upstream:remoteref) --ignore-case refs/heads/main refs/remotes/main [62ms] 
2026-04-30 04:45:27.962 [info] > git for-each-ref --sort -committerdate --format %(refname)%00%(objectname)%00%(*objectname) [58ms] 
2026-04-30 04:45:27.979 [info] > git status -z -uall [78ms]
2026-04-30 04:45:33.173 [info] > git config --get commit.template [56ms] 
2026-04-30 04:45:33.178 [info] > git for-each-ref --format=%(refname)%00%(upstream:short)%00%(objectname)%00%(upstream:track)%00%(upstream:remotename)%00%(upstream:remoteref) --ignore-case refs/heads/main refs/remotes/main [58ms] 
2026-04-30 04:45:33.242 [info] > git for-each-ref --sort -committerdate --format %(refname)%00%(objectname)%00%(*objectname) [58ms] 
2026-04-30 04:45:33.259 [info] > git status -z -uall [78ms]
2026-04-30 04:45:40.998 [info] > git config --get commit.template [62ms] 
2026-04-30 04:45:41.004 [info] > git for-each-ref --format=%(refname)%00%(upstream:short)%00%(objectname)%00%(upstream:track)%00%(upstream:remotename)%00%(upstream:remoteref) --ignore-case refs/heads/main refs/remotes/main [64ms] 
2026-04-30 04:45:41.070 [info] > git for-each-ref --sort -committerdate --format %(refname)%00%(objectname)%00%(*objectname) [59ms] 
2026-04-30 04:45:41.086 [info] > git status -z -uall [79ms]
2026-04-30 04:45:46.169 [info] > git config --get commit.template [63ms] 
2026-04-30 04:45:46.176 [info] > git for-each-ref --format=%(refname)%00%(upstream:short)%00%(objectname)%00%(upstream:track)%00%(upstream:remotename)%00%(upstream:remoteref) --ignore-case refs/heads/main refs/remotes/main [65ms] 
2026-04-30 04:45:46.242 [info] > git for-each-ref --sort -committerdate --format %(refname)%00%(objectname)%00%(*objectname) [59ms] 
2026-04-30 04:45:46.257 [info] > git status -z -uall [77ms]
2026-04-30 04:45:51.353 [info] > git config --get commit.template [67ms] 
2026-04-30 04:45:51.361 [info] > git for-each-ref --format=%(refname)%00%(upstream:short)%00%(objectname)%00%(upstream:track)%00%(upstream:remotename)%00%(upstream:remoteref) --ignore-case refs/heads/main refs/remotes/main [70ms] 
2026-04-30 04:45:51.426 [info] > git for-each-ref --sort -committerdate --format %(refname)%00%(objectname)%00%(*objectname) [59ms] 
2026-04-30 04:45:51.445 [info] > git status -z -uall [80ms]
2026-04-30 04:45:56.529 [info] > git config --get commit.template [59ms] 
2026-04-30 04:45:56.532 [info] > git for-each-ref --format=%(refname)%00%(upstream:short)%00%(objectname)%00%(upstream:track)%00%(upstream:remotename)%00%(upstream:remoteref) --ignore-case refs/heads/main refs/remotes/main [58ms] 
2026-04-30 04:45:56.597 [info] > git for-each-ref --sort -committerdate --format %(refname)%00%(objectname)%00%(*objectname) [58ms] 
2026-04-30 04:45:56.613 [info] > git status -z -uall [77ms]
2026-04-30 04:46:01.696 [info] > git config --get commit.template [57ms] 
2026-04-30 04:46:01.697 [info] > git for-each-ref --format=%(refname)%00%(upstream:short)%00%(objectname)%00%(upstream:track)%00%(upstream:remotename)%00%(upstream:remoteref) --ignore-case refs/heads/main refs/remotes/main [56ms] 
2026-04-30 04:46:01.762 [info] > git for-each-ref --sort -committerdate --format %(refname)%00%(objectname)%00%(*objectname) [58ms] 
2026-04-30 04:46:01.775 [info] > git status -z -uall [74ms]
2026-04-30 04:46:11.700 [info] > git config --get commit.template [65ms] 
2026-04-30 04:46:11.706 [info] > git for-each-ref --format=%(refname)%00%(upstream:short)%00%(objectname)%00%(upstream:track)%00%(upstream:remotename)%00%(upstream:remoteref) --ignore-case refs/heads/main refs/remotes/main [67ms] 
2026-04-30 04:46:11.774 [info] > git for-each-ref --sort -committerdate --format %(refname)%00%(objectname)%00%(*objectname) [61ms] 
2026-04-30 04:46:11.791 [info] > git status -z -uall [80ms]
2026-04-30 04:46:16.873 [info] > git config --get commit.template [64ms] 
2026-04-30 04:46:16.877 [info] > git for-each-ref --format=%(refname)%00%(upstream:short)%00%(objectname)%00%(upstream:track)%00%(upstream:remotename)%00%(upstream:remoteref) --ignore-case refs/heads/main refs/remotes/main [65ms] 
2026-04-30 04:46:16.942 [info] > git for-each-ref --sort -committerdate --format %(refname)%00%(objectname)%00%(*objectname) [57ms] 
2026-04-30 04:46:16.957 [info] > git status -z -uall [75ms]
2026-04-30 04:46:22.764 [info] > git config --get commit.template [59ms] 
2026-04-30 04:46:22.767 [info] > git for-each-ref --format=%(refname)%00%(upstream:short)%00%(objectname)%00%(upstream:track)%00%(upstream:remotename)%00%(upstream:remoteref) --ignore-case refs/heads/main refs/remotes/main [60ms] 
2026-04-30 04:46:22.833 [info] > git for-each-ref --sort -committerdate --format %(refname)%00%(objectname)%00%(*objectname) [60ms] 
2026-04-30 04:46:22.850 [info] > git status -z -uall [79ms]
2026-04-30 04:46:24.222 [info] > git check-ignore -v -z --stdin [54ms]
2026-04-30 04:46:27.940 [info] > git config --get commit.template [67ms] 
2026-04-30 04:46:27.945 [info] > git for-each-ref --format=%(refname)%00%(upstream:short)%00%(objectname)%00%(upstream:track)%00%(upstream:remotename)%00%(upstream:remoteref) --ignore-case refs/heads/main refs/remotes/main [69ms] 
2026-04-30 04:46:28.014 [info] > git for-each-ref --sort -committerdate --format %(refname)%00%(objectname)%00%(*objectname) [61ms] 
2026-04-30 04:46:28.030 [info] > git status -z -uall [81ms]
